kotlin version: 2.0.21
error message: org.jetbrains.kotlin.backend.common.BackendException: Backend Internal error: Exception during IR lowering
File being compiled: C:/Users/tsune/AndroidStudioProjects/BriskwalkMenu2/app/src/main/java/com/example/briskwalk/MainActivity.kt
The root cause java.lang.RuntimeException was thrown at: org.jetbrains.kotlin.backend.jvm.codegen.FunctionCodegen.generate(FunctionCodegen.kt:47)
	at org.jetbrains.kotlin.backend.common.CodegenUtil.reportBackendException(CodegenUtil.kt:253)
	at org.jetbrains.kotlin.backend.common.CodegenUtil.reportBackendException$default(CodegenUtil.kt:236)
	at org.jetbrains.kotlin.backend.common.phaser.PerformByIrFilePhase.invokeSequential(performByIrFile.kt:65)
	at org.jetbrains.kotlin.backend.common.phaser.PerformByIrFilePhase.invoke(performByIrFile.kt:52)
	at org.jetbrains.kotlin.backend.common.phaser.PerformByIrFilePhase.invoke(performByIrFile.kt:38)
	at org.jetbrains.kotlin.backend.common.phaser.NamedCompilerPhase.phaseBody(CompilerPhase.kt:166)
	at org.jetbrains.kotlin.backend.common.phaser.AbstractNamedCompilerPhase.invoke(CompilerPhase.kt:113)
	at org.jetbrains.kotlin.backend.common.phaser.CompositePhase.invoke(PhaseBuilders.kt:27)
	at org.jetbrains.kotlin.backend.common.phaser.CompositePhase.invoke(PhaseBuilders.kt:14)
	at org.jetbrains.kotlin.backend.common.phaser.NamedCompilerPhase.phaseBody(CompilerPhase.kt:166)
	at org.jetbrains.kotlin.backend.common.phaser.AbstractNamedCompilerPhase.invoke(CompilerPhase.kt:113)
	at org.jetbrains.kotlin.backend.common.phaser.CompilerPhaseKt.invokeToplevel(CompilerPhase.kt:62)
	at org.jetbrains.kotlin.backend.jvm.JvmIrCodegenFactory.invokeCodegen(JvmIrCodegenFactory.kt:371)
	at org.jetbrains.kotlin.codegen.CodegenFactory.generateModule(CodegenFactory.kt:47)
	at org.jetbrains.kotlin.backend.jvm.JvmIrCodegenFactory.generateModuleInFrontendIRMode(JvmIrCodegenFactory.kt:433)
	at org.jetbrains.kotlin.cli.jvm.compiler.pipeline.JvmCompilerPipelineKt.generateCodeFromIr(jvmCompilerPipeline.kt:246)
	at org.jetbrains.kotlin.cli.jvm.compiler.pipeline.JvmCompilerPipelineKt.compileModulesUsingFrontendIrAndLightTree(jvmCompilerPipeline.kt:142)
	at org.jetbrains.kotlin.cli.jvm.K2JVMCompiler.doExecute(K2JVMCompiler.kt:148)
	at org.jetbrains.kotlin.cli.jvm.K2JVMCompiler.doExecute(K2JVMCompiler.kt:43)
	at org.jetbrains.kotlin.cli.common.CLICompiler.execImpl(CLICompiler.kt:103)
	at org.jetbrains.kotlin.cli.common.CLICompiler.execImpl(CLICompiler.kt:49)
	at org.jetbrains.kotlin.cli.common.CLITool.exec(CLITool.kt:101)
	at org.jetbrains.kotlin.incremental.IncrementalJvmCompilerRunner.runCompiler(IncrementalJvmCompilerRunner.kt:464)
	at org.jetbrains.kotlin.incremental.IncrementalJvmCompilerRunner.runCompiler(IncrementalJvmCompilerRunner.kt:73)
	at org.jetbrains.kotlin.incremental.IncrementalCompilerRunner.doCompile(IncrementalCompilerRunner.kt:506)
	at org.jetbrains.kotlin.incremental.IncrementalCompilerRunner.compileImpl(IncrementalCompilerRunner.kt:423)
	at org.jetbrains.kotlin.incremental.IncrementalCompilerRunner.tryCompileIncrementally$lambda$9$compile(IncrementalCompilerRunner.kt:249)
	at org.jetbrains.kotlin.incremental.IncrementalCompilerRunner.tryCompileIncrementally(IncrementalCompilerRunner.kt:267)
	at org.jetbrains.kotlin.incremental.IncrementalCompilerRunner.compile(IncrementalCompilerRunner.kt:120)
	at org.jetbrains.kotlin.daemon.CompileServiceImplBase.execIncrementalCompiler(CompileServiceImpl.kt:675)
	at org.jetbrains.kotlin.daemon.CompileServiceImplBase.access$execIncrementalCompiler(CompileServiceImpl.kt:92)
	at org.jetbrains.kotlin.daemon.CompileServiceImpl.compile(CompileServiceImpl.kt:1660)
	at java.base/jdk.internal.reflect.DirectMethodHandleAccessor.invoke(Unknown Source)
	at java.base/java.lang.reflect.Method.invoke(Unknown Source)
	at java.rmi/sun.rmi.server.UnicastServerRef.dispatch(Unknown Source)
	at java.rmi/sun.rmi.transport.Transport$1.run(Unknown Source)
	at java.rmi/sun.rmi.transport.Transport$1.run(Unknown Source)
	at java.base/java.security.AccessController.doPrivileged(Unknown Source)
	at java.rmi/sun.rmi.transport.Transport.serviceCall(Unknown Source)
	at java.rmi/sun.rmi.transport.tcp.TCPTransport.handleMessages(Unknown Source)
	at java.rmi/sun.rmi.transport.tcp.TCPTransport$ConnectionHandler.run0(Unknown Source)
	at java.rmi/sun.rmi.transport.tcp.TCPTransport$ConnectionHandler.lambda$run$0(Unknown Source)
	at java.base/java.security.AccessController.doPrivileged(Unknown Source)
	at java.rmi/sun.rmi.transport.tcp.TCPTransport$ConnectionHandler.run(Unknown Source)
	at java.base/java.util.concurrent.ThreadPoolExecutor.runWorker(Unknown Source)
	at java.base/java.util.concurrent.ThreadPoolExecutor$Worker.run(Unknown Source)
	at java.base/java.lang.Thread.run(Unknown Source)
Caused by: java.lang.RuntimeException: Exception while generating code for:
FUN name:onCreate visibility:protected modality:OPEN <> ($this:com.example.briskwalk.MainActivity, savedInstanceState:android.os.Bundle?) returnType:kotlin.Unit
  annotations:
    SuppressLint(value = ["SetTextI18n"])
  overridden:
    protected/*protected and package*/ open fun onCreate (p0: @[EnhancedNullability] android.os.Bundle?): kotlin.Unit [fake_override] declared in androidx.appcompat.app.AppCompatActivity
  $this: VALUE_PARAMETER name:<this> type:com.example.briskwalk.MainActivity
  VALUE_PARAMETER name:savedInstanceState index:0 type:android.os.Bundle?
  BLOCK_BODY
    CALL 'protected/*protected and package*/ open fun onCreate (p0: @[EnhancedNullability] android.os.Bundle?): kotlin.Unit [fake_override] declared in androidx.appcompat.app.AppCompatActivity' superQualifier='CLASS IR_EXTERNAL_JAVA_DECLARATION_STUB CLASS name:AppCompatActivity modality:OPEN visibility:public superTypes:[androidx.fragment.app.FragmentActivity; androidx.appcompat.app.AppCompatCallback; androidx.core.app.TaskStackBuilder.SupportParentable; androidx.appcompat.app.ActionBarDrawerToggle.DelegateProvider]' type=kotlin.Unit origin=null
      $this: GET_VAR '<this>: com.example.briskwalk.MainActivity declared in com.example.briskwalk.MainActivity.onCreate' type=com.example.briskwalk.MainActivity origin=null
      p0: GET_VAR 'savedInstanceState: android.os.Bundle? declared in com.example.briskwalk.MainActivity.onCreate' type=android.os.Bundle? origin=null
    CALL 'public open fun setContentView (p0: kotlin.Int): kotlin.Unit [fake_override] declared in com.example.briskwalk.MainActivity' type=kotlin.Unit origin=null
      $this: GET_VAR '<this>: com.example.briskwalk.MainActivity declared in com.example.briskwalk.MainActivity.onCreate' type=com.example.briskwalk.MainActivity origin=null
      p0: GET_FIELD 'FIELD IR_EXTERNAL_JAVA_DECLARATION_STUB name:activity_main type:kotlin.Int visibility:public [static] declared in com.example.briskwalk.R.layout' type=kotlin.Int superQualifierSymbol=com.example.briskwalk.R.layout origin=null
    VAR name:toolbar type:@[FlexibleNullability] androidx.appcompat.widget.Toolbar? [val]
      CALL 'public open fun findViewById <T> (p0: kotlin.Int): @[FlexibleNullability] T of com.example.briskwalk.MainActivity.findViewById? [fake_override] declared in com.example.briskwalk.MainActivity' type=@[FlexibleNullability] androidx.appcompat.widget.Toolbar? origin=null
        <T>: @[FlexibleNullability] androidx.appcompat.widget.Toolbar?
        $this: GET_VAR '<this>: com.example.briskwalk.MainActivity declared in com.example.briskwalk.MainActivity.onCreate' type=com.example.briskwalk.MainActivity origin=null
        p0: GET_FIELD 'FIELD IR_EXTERNAL_JAVA_DECLARATION_STUB name:toolbar_a type:kotlin.Int visibility:public [static] declared in com.example.briskwalk.R.id' type=kotlin.Int superQualifierSymbol=com.example.briskwalk.R.id origin=null
    CALL 'public open fun setSupportActionBar (p0: @[EnhancedNullability] androidx.appcompat.widget.Toolbar?): kotlin.Unit [fake_override] declared in com.example.briskwalk.MainActivity' type=kotlin.Unit origin=null
      $this: GET_VAR '<this>: com.example.briskwalk.MainActivity declared in com.example.briskwalk.MainActivity.onCreate' type=com.example.briskwalk.MainActivity origin=null
      p0: GET_VAR 'val toolbar: @[FlexibleNullability] androidx.appcompat.widget.Toolbar? [val] declared in com.example.briskwalk.MainActivity.onCreate' type=@[FlexibleNullability] androidx.appcompat.widget.Toolbar? origin=null
    COMPOSITE type=kotlin.Unit origin=null
      BLOCK type=kotlin.Unit? origin=FOLDED_SAFE_CALL
        WHEN type=kotlin.Unit? origin=FOLDED_SAFE_CALL
          BRANCH
            if: COMPOSITE type=kotlin.Boolean origin=null
              VAR IR_TEMPORARY_VARIABLE name:tmp0_safe_receiver type:@[EnhancedNullability] androidx.appcompat.app.ActionBar? [val]
                CALL 'public open fun getSupportActionBar (): @[EnhancedNullability] androidx.appcompat.app.ActionBar? [fake_override] declared in com.example.briskwalk.MainActivity' type=@[EnhancedNullability] androidx.appcompat.app.ActionBar? origin=GET_PROPERTY
                  $this: GET_VAR '<this>: com.example.briskwalk.MainActivity declared in com.example.briskwalk.MainActivity.onCreate' type=com.example.briskwalk.MainActivity origin=null
              CALL 'public final fun not (): kotlin.Boolean [operator] declared in kotlin.Boolean' type=kotlin.Boolean origin=null
                $this: CALL 'public final fun EQEQ (arg0: kotlin.Any?, arg1: kotlin.Any?): kotlin.Boolean declared in kotlin.internal.ir' type=kotlin.Boolean origin=null
                  arg0: GET_VAR 'val tmp0_safe_receiver: @[EnhancedNullability] androidx.appcompat.app.ActionBar? [val] declared in com.example.briskwalk.MainActivity.onCreate' type=@[EnhancedNullability] androidx.appcompat.app.ActionBar? origin=null
                  arg1: CONST Null type=kotlin.Nothing? value=null
            then: CALL 'public abstract fun setTitle (p0: @[FlexibleNullability] kotlin.CharSequence?): kotlin.Unit declared in androidx.appcompat.app.ActionBar' type=kotlin.Unit origin=EQ
              $this: GET_VAR 'val tmp0_safe_receiver: @[EnhancedNullability] androidx.appcompat.app.ActionBar? [val] declared in com.example.briskwalk.MainActivity.onCreate' type=@[EnhancedNullability] androidx.appcompat.app.ActionBar? origin=null
              p0: CONST String type=kotlin.String value="Briskwalk3.00"
          BRANCH
            if: CONST Boolean type=kotlin.Boolean value=true
            then: CONST Null type=kotlin.Nothing? value=null
    SET_FIELD 'FIELD PROPERTY_BACKING_FIELD name:tvMode type:android.widget.TextView? visibility:private' type=kotlin.Unit origin=null
      receiver: GET_VAR '<this>: com.example.briskwalk.MainActivity declared in com.example.briskwalk.MainActivity.onCreate' type=com.example.briskwalk.MainActivity origin=null
      value: CALL 'public open fun findViewById <T> (p0: kotlin.Int): @[FlexibleNullability] T of com.example.briskwalk.MainActivity.findViewById? [fake_override] declared in com.example.briskwalk.MainActivity' type=@[FlexibleNullability] android.widget.TextView? origin=null
        <T>: @[FlexibleNullability] android.widget.TextView?
        $this: GET_VAR '<this>: com.example.briskwalk.MainActivity declared in com.example.briskwalk.MainActivity.onCreate' type=com.example.briskwalk.MainActivity origin=null
        p0: GET_FIELD 'FIELD IR_EXTERNAL_JAVA_DECLARATION_STUB name:tvMode type:kotlin.Int visibility:public [static] declared in com.example.briskwalk.R.id' type=kotlin.Int superQualifierSymbol=com.example.briskwalk.R.id origin=null
    SET_FIELD 'FIELD IR_EXTERNAL_JAVA_DECLARATION_STUB name:label type:kotlin.Int visibility:public [final,static] declared in android.R.attr' type=kotlin.Unit superQualifierSymbol=android.R.attr origin=EQ
      value: CALL 'public open fun findViewById <T> (p0: kotlin.Int): @[FlexibleNullability] T of com.example.briskwalk.MainActivity.findViewById? [fake_override] declared in com.example.briskwalk.MainActivity' type=kotlin.Any? origin=null
        <T>: kotlin.Any?
        $this: GET_VAR '<this>: com.example.briskwalk.MainActivity declared in com.example.briskwalk.MainActivity.onCreate' type=com.example.briskwalk.MainActivity origin=null
        p0: GET_FIELD 'FIELD IR_EXTERNAL_JAVA_DECLARATION_STUB name:label type:kotlin.Int visibility:public [static] declared in com.example.briskwalk.R.id' type=kotlin.Int superQualifierSymbol=com.example.briskwalk.R.id origin=null
    SET_FIELD 'FIELD PROPERTY_BACKING_FIELD name:tvCount type:android.widget.TextView? visibility:private' type=kotlin.Unit origin=null
      receiver: GET_VAR '<this>: com.example.briskwalk.MainActivity declared in com.example.briskwalk.MainActivity.onCreate' type=com.example.briskwalk.MainActivity origin=null
      value: CALL 'public open fun findViewById <T> (p0: kotlin.Int): @[FlexibleNullability] T of com.example.briskwalk.MainActivity.findViewById? [fake_override] declared in com.example.briskwalk.MainActivity' type=@[FlexibleNullability] android.widget.TextView? origin=null
        <T>: @[FlexibleNullability] android.widget.TextView?
        $this: GET_VAR '<this>: com.example.briskwalk.MainActivity declared in com.example.briskwalk.MainActivity.onCreate' type=com.example.briskwalk.MainActivity origin=null
        p0: GET_FIELD 'FIELD IR_EXTERNAL_JAVA_DECLARATION_STUB name:tvCount type:kotlin.Int visibility:public [static] declared in com.example.briskwalk.R.id' type=kotlin.Int superQualifierSymbol=com.example.briskwalk.R.id origin=null
    SET_FIELD 'FIELD PROPERTY_BACKING_FIELD name:tvTimer type:android.widget.TextView? visibility:private' type=kotlin.Unit origin=null
      receiver: GET_VAR '<this>: com.example.briskwalk.MainActivity declared in com.example.briskwalk.MainActivity.onCreate' type=com.example.briskwalk.MainActivity origin=null
      value: CALL 'public open fun findViewById <T> (p0: kotlin.Int): @[FlexibleNullability] T of com.example.briskwalk.MainActivity.findViewById? [fake_override] declared in com.example.briskwalk.MainActivity' type=@[FlexibleNullability] android.widget.TextView? origin=null
        <T>: @[FlexibleNullability] android.widget.TextView?
        $this: GET_VAR '<this>: com.example.briskwalk.MainActivity declared in com.example.briskwalk.MainActivity.onCreate' type=com.example.briskwalk.MainActivity origin=null
        p0: GET_FIELD 'FIELD IR_EXTERNAL_JAVA_DECLARATION_STUB name:tvTimer type:kotlin.Int visibility:public [static] declared in com.example.briskwalk.R.id' type=kotlin.Int superQualifierSymbol=com.example.briskwalk.R.id origin=null
    SET_FIELD 'FIELD PROPERTY_BACKING_FIELD name:etTempo type:android.widget.EditText? visibility:private' type=kotlin.Unit origin=null
      receiver: GET_VAR '<this>: com.example.briskwalk.MainActivity declared in com.example.briskwalk.MainActivity.onCreate' type=com.example.briskwalk.MainActivity origin=null
      value: CALL 'public open fun findViewById <T> (p0: kotlin.Int): @[FlexibleNullability] T of com.example.briskwalk.MainActivity.findViewById? [fake_override] declared in com.example.briskwalk.MainActivity' type=@[FlexibleNullability] android.widget.EditText? origin=null
        <T>: @[FlexibleNullability] android.widget.EditText?
        $this: GET_VAR '<this>: com.example.briskwalk.MainActivity declared in com.example.briskwalk.MainActivity.onCreate' type=com.example.briskwalk.MainActivity origin=null
        p0: GET_FIELD 'FIELD IR_EXTERNAL_JAVA_DECLARATION_STUB name:etTempo type:kotlin.Int visibility:public [static] declared in com.example.briskwalk.R.id' type=kotlin.Int superQualifierSymbol=com.example.briskwalk.R.id origin=null
    SET_FIELD 'FIELD PROPERTY_BACKING_FIELD name:btnStart type:android.widget.Button? visibility:private' type=kotlin.Unit origin=null
      receiver: GET_VAR '<this>: com.example.briskwalk.MainActivity declared in com.example.briskwalk.MainActivity.onCreate' type=com.example.briskwalk.MainActivity origin=null
      value: CALL 'public open fun findViewById <T> (p0: kotlin.Int): @[FlexibleNullability] T of com.example.briskwalk.MainActivity.findViewById? [fake_override] declared in com.example.briskwalk.MainActivity' type=@[FlexibleNullability] android.widget.Button? origin=null
        <T>: @[FlexibleNullability] android.widget.Button?
        $this: GET_VAR '<this>: com.example.briskwalk.MainActivity declared in com.example.briskwalk.MainActivity.onCreate' type=com.example.briskwalk.MainActivity origin=null
        p0: GET_FIELD 'FIELD IR_EXTERNAL_JAVA_DECLARATION_STUB name:btnStart type:kotlin.Int visibility:public [static] declared in com.example.briskwalk.R.id' type=kotlin.Int superQualifierSymbol=com.example.briskwalk.R.id origin=null
    SET_FIELD 'FIELD PROPERTY_BACKING_FIELD name:btnReStart type:android.widget.Button? visibility:private' type=kotlin.Unit origin=null
      receiver: GET_VAR '<this>: com.example.briskwalk.MainActivity declared in com.example.briskwalk.MainActivity.onCreate' type=com.example.briskwalk.MainActivity origin=null
      value: CALL 'public open fun findViewById <T> (p0: kotlin.Int): @[FlexibleNullability] T of com.example.briskwalk.MainActivity.findViewById? [fake_override] declared in com.example.briskwalk.MainActivity' type=@[FlexibleNullability] android.widget.Button? origin=null
        <T>: @[FlexibleNullability] android.widget.Button?
        $this: GET_VAR '<this>: com.example.briskwalk.MainActivity declared in com.example.briskwalk.MainActivity.onCreate' type=com.example.briskwalk.MainActivity origin=null
        p0: GET_FIELD 'FIELD IR_EXTERNAL_JAVA_DECLARATION_STUB name:btnRestart type:kotlin.Int visibility:public [static] declared in com.example.briskwalk.R.id' type=kotlin.Int superQualifierSymbol=com.example.briskwalk.R.id origin=null
    SET_FIELD 'FIELD PROPERTY_BACKING_FIELD name:btnStop type:android.widget.Button? visibility:private' type=kotlin.Unit origin=null
      receiver: GET_VAR '<this>: com.example.briskwalk.MainActivity declared in com.example.briskwalk.MainActivity.onCreate' type=com.example.briskwalk.MainActivity origin=null
      value: CALL 'public open fun findViewById <T> (p0: kotlin.Int): @[FlexibleNullability] T of com.example.briskwalk.MainActivity.findViewById? [fake_override] declared in com.example.briskwalk.MainActivity' type=@[FlexibleNullability] android.widget.Button? origin=null
        <T>: @[FlexibleNullability] android.widget.Button?
        $this: GET_VAR '<this>: com.example.briskwalk.MainActivity declared in com.example.briskwalk.MainActivity.onCreate' type=com.example.briskwalk.MainActivity origin=null
        p0: GET_FIELD 'FIELD IR_EXTERNAL_JAVA_DECLARATION_STUB name:btnStop type:kotlin.Int visibility:public [static] declared in com.example.briskwalk.R.id' type=kotlin.Int superQualifierSymbol=com.example.briskwalk.R.id origin=null
    SET_FIELD 'FIELD PROPERTY_BACKING_FIELD name:btnReset type:android.widget.Button? visibility:private' type=kotlin.Unit origin=null
      receiver: GET_VAR '<this>: com.example.briskwalk.MainActivity declared in com.example.briskwalk.MainActivity.onCreate' type=com.example.briskwalk.MainActivity origin=null
      value: CALL 'public open fun findViewById <T> (p0: kotlin.Int): @[FlexibleNullability] T of com.example.briskwalk.MainActivity.findViewById? [fake_override] declared in com.example.briskwalk.MainActivity' type=@[FlexibleNullability] android.widget.Button? origin=null
        <T>: @[FlexibleNullability] android.widget.Button?
        $this: GET_VAR '<this>: com.example.briskwalk.MainActivity declared in com.example.briskwalk.MainActivity.onCreate' type=com.example.briskwalk.MainActivity origin=null
        p0: GET_FIELD 'FIELD IR_EXTERNAL_JAVA_DECLARATION_STUB name:btnReset type:kotlin.Int visibility:public [static] declared in com.example.briskwalk.R.id' type=kotlin.Int superQualifierSymbol=com.example.briskwalk.R.id origin=null
    SET_FIELD 'FIELD PROPERTY_BACKING_FIELD name:btnDerete type:android.widget.Button? visibility:private' type=kotlin.Unit origin=null
      receiver: GET_VAR '<this>: com.example.briskwalk.MainActivity declared in com.example.briskwalk.MainActivity.onCreate' type=com.example.briskwalk.MainActivity origin=null
      value: CALL 'public open fun findViewById <T> (p0: kotlin.Int): @[FlexibleNullability] T of com.example.briskwalk.MainActivity.findViewById? [fake_override] declared in com.example.briskwalk.MainActivity' type=@[FlexibleNullability] android.widget.Button? origin=null
        <T>: @[FlexibleNullability] android.widget.Button?
        $this: GET_VAR '<this>: com.example.briskwalk.MainActivity declared in com.example.briskwalk.MainActivity.onCreate' type=com.example.briskwalk.MainActivity origin=null
        p0: GET_FIELD 'FIELD IR_EXTERNAL_JAVA_DECLARATION_STUB name:btnDelete type:kotlin.Int visibility:public [static] declared in com.example.briskwalk.R.id' type=kotlin.Int superQualifierSymbol=com.example.briskwalk.R.id origin=null
    SET_FIELD 'FIELD PROPERTY_BACKING_FIELD name:txtLogA type:android.widget.TextView? visibility:private' type=kotlin.Unit origin=null
      receiver: GET_VAR '<this>: com.example.briskwalk.MainActivity declared in com.example.briskwalk.MainActivity.onCreate' type=com.example.briskwalk.MainActivity origin=null
      value: CALL 'public open fun findViewById <T> (p0: kotlin.Int): @[FlexibleNullability] T of com.example.briskwalk.MainActivity.findViewById? [fake_override] declared in com.example.briskwalk.MainActivity' type=@[FlexibleNullability] android.widget.TextView? origin=null
        <T>: @[FlexibleNullability] android.widget.TextView?
        $this: GET_VAR '<this>: com.example.briskwalk.MainActivity declared in com.example.briskwalk.MainActivity.onCreate' type=com.example.briskwalk.MainActivity origin=null
        p0: GET_FIELD 'FIELD IR_EXTERNAL_JAVA_DECLARATION_STUB name:txtLogA type:kotlin.Int visibility:public [static] declared in com.example.briskwalk.R.id' type=kotlin.Int superQualifierSymbol=com.example.briskwalk.R.id origin=null
    COMPOSITE type=kotlin.Unit origin=null
      CALL 'public open fun getText (): @[FlexibleNullability] kotlin.CharSequence? declared in android.widget.TextView' type=@[FlexibleNullability] kotlin.CharSequence? origin=GET_PROPERTY
        $this: BLOCK type=android.widget.TextView origin=FOLDED_ELVIS
          WHEN type=android.widget.TextView origin=FOLDED_ELVIS
            BRANCH
              if: COMPOSITE type=kotlin.Boolean origin=null
                VAR IR_TEMPORARY_VARIABLE name:tmp0 type:android.widget.TextView? [val]
                  GET_FIELD 'FIELD PROPERTY_BACKING_FIELD name:txtLogA type:android.widget.TextView? visibility:private' type=android.widget.TextView? origin=null
                    receiver: GET_VAR '<this>: com.example.briskwalk.MainActivity declared in com.example.briskwalk.MainActivity.onCreate' type=com.example.briskwalk.MainActivity origin=null
                CALL 'public final fun not (): kotlin.Boolean [operator] declared in kotlin.Boolean' type=kotlin.Boolean origin=null
                  $this: CALL 'public final fun EQEQ (arg0: kotlin.Any?, arg1: kotlin.Any?): kotlin.Boolean declared in kotlin.internal.ir' type=kotlin.Boolean origin=null
                    arg0: GET_VAR 'val tmp0: android.widget.TextView? [val] declared in com.example.briskwalk.MainActivity.onCreate' type=android.widget.TextView? origin=null
                    arg1: CONST Null type=kotlin.Nothing? value=null
              then: GET_VAR 'val tmp0: android.widget.TextView? [val] declared in com.example.briskwalk.MainActivity.onCreate' type=android.widget.TextView? origin=null
            BRANCH
              if: CONST Boolean type=kotlin.Boolean value=true
              then: BLOCK type=kotlin.Unit origin=null
                CALL 'public final fun throwUninitializedPropertyAccessException (propertyName: kotlin.String): kotlin.Unit declared in kotlin.jvm.internal.Intrinsics' type=kotlin.Unit origin=null
                  propertyName: CONST String type=kotlin.String value="txtLogA"
      COMPOSITE type=kotlin.Unit origin=null
    VAR name:pref type:@[FlexibleNullability] android.content.SharedPreferences? [val]
      CALL 'public open fun getSharedPreferences (p0: @[FlexibleNullability] kotlin.String?, p1: kotlin.Int): @[FlexibleNullability] android.content.SharedPreferences? [fake_override] declared in com.example.briskwalk.MainActivity' type=@[FlexibleNullability] android.content.SharedPreferences? origin=null
        $this: GET_VAR '<this>: com.example.briskwalk.MainActivity declared in com.example.briskwalk.MainActivity.onCreate' type=com.example.briskwalk.MainActivity origin=null
        p0: GET_FIELD 'FIELD PROPERTY_BACKING_FIELD name:PREF_NAME type:kotlin.String visibility:private [final]' type=kotlin.String origin=null
          receiver: GET_VAR '<this>: com.example.briskwalk.MainActivity declared in com.example.briskwalk.MainActivity.onCreate' type=com.example.briskwalk.MainActivity origin=null
        p1: CONST Int type=kotlin.Int value=0
    SET_FIELD 'FIELD PROPERTY_BACKING_FIELD name:fastWalkCount type:kotlin.Int visibility:private' type=kotlin.Unit origin=null
      receiver: GET_VAR '<this>: com.example.briskwalk.MainActivity declared in com.example.briskwalk.MainActivity.onCreate' type=com.example.briskwalk.MainActivity origin=null
      value: CALL 'public abstract fun getInt (p0: @[FlexibleNullability] kotlin.String?, p1: kotlin.Int): kotlin.Int declared in android.content.SharedPreferences' type=kotlin.Int origin=null
        $this: GET_VAR 'val pref: @[FlexibleNullability] android.content.SharedPreferences? [val] declared in com.example.briskwalk.MainActivity.onCreate' type=@[FlexibleNullability] android.content.SharedPreferences? origin=null
        p0: GET_FIELD 'FIELD PROPERTY_BACKING_FIELD name:KEY_COUNT type:kotlin.String visibility:private [final]' type=kotlin.String origin=null
          receiver: GET_VAR '<this>: com.example.briskwalk.MainActivity declared in com.example.briskwalk.MainActivity.onCreate' type=com.example.briskwalk.MainActivity origin=null
        p1: CONST Int type=kotlin.Int value=0
    CALL 'public final fun setText (p0: @[FlexibleNullability] kotlin.CharSequence?): kotlin.Unit declared in android.widget.TextView' type=kotlin.Unit origin=EQ
      $this: BLOCK type=android.widget.TextView origin=FOLDED_ELVIS
        WHEN type=android.widget.TextView origin=FOLDED_ELVIS
          BRANCH
            if: COMPOSITE type=kotlin.Boolean origin=null
              VAR IR_TEMPORARY_VARIABLE name:tmp0 type:android.widget.TextView? [val]
                GET_FIELD 'FIELD PROPERTY_BACKING_FIELD name:tvCount type:android.widget.TextView? visibility:private' type=android.widget.TextView? origin=null
                  receiver: GET_VAR '<this>: com.example.briskwalk.MainActivity declared in com.example.briskwalk.MainActivity.onCreate' type=com.example.briskwalk.MainActivity origin=null
              CALL 'public final fun not (): kotlin.Boolean [operator] declared in kotlin.Boolean' type=kotlin.Boolean origin=null
                $this: CALL 'public final fun EQEQ (arg0: kotlin.Any?, arg1: kotlin.Any?): kotlin.Boolean declared in kotlin.internal.ir' type=kotlin.Boolean origin=null
                  arg0: GET_VAR 'val tmp0: android.widget.TextView? [val] declared in com.example.briskwalk.MainActivity.onCreate' type=android.widget.TextView? origin=null
                  arg1: CONST Null type=kotlin.Nothing? value=null
            then: GET_VAR 'val tmp0: android.widget.TextView? [val] declared in com.example.briskwalk.MainActivity.onCreate' type=android.widget.TextView? origin=null
          BRANCH
            if: CONST Boolean type=kotlin.Boolean value=true
            then: BLOCK type=kotlin.Unit origin=null
              CALL 'public final fun throwUninitializedPropertyAccessException (propertyName: kotlin.String): kotlin.Unit declared in kotlin.jvm.internal.Intrinsics' type=kotlin.Unit origin=null
                propertyName: CONST String type=kotlin.String value="tvCount"
      p0: STRING_CONCATENATION type=kotlin.String
        CONST String type=kotlin.String value="早歩き回数："
        GET_FIELD 'FIELD PROPERTY_BACKING_FIELD name:fastWalkCount type:kotlin.Int visibility:private' type=kotlin.Int origin=null
          receiver: GET_VAR '<this>: com.example.briskwalk.MainActivity declared in com.example.briskwalk.MainActivity.onCreate' type=com.example.briskwalk.MainActivity origin=null
    CALL 'private final fun showLog (): kotlin.Unit declared in com.example.briskwalk.MainActivity' type=kotlin.Unit origin=null
      $this: GET_VAR '<this>: com.example.briskwalk.MainActivity declared in com.example.briskwalk.MainActivity.onCreate' type=com.example.briskwalk.MainActivity origin=null
    VAR name:attrs type:@[FlexibleNullability] android.media.AudioAttributes? [val]
      CALL 'public open fun build (): @[FlexibleNullability] android.media.AudioAttributes? declared in android.media.AudioAttributes.Builder' type=@[FlexibleNullability] android.media.AudioAttributes? origin=null
        $this: CALL 'public open fun setContentType (p0: kotlin.Int): @[FlexibleNullability] android.media.AudioAttributes.Builder? declared in android.media.AudioAttributes.Builder' type=@[FlexibleNullability] android.media.AudioAttributes.Builder? origin=null
          $this: CALL 'public open fun setUsage (p0: kotlin.Int): @[FlexibleNullability] android.media.AudioAttributes.Builder? declared in android.media.AudioAttributes.Builder' type=@[FlexibleNullability] android.media.AudioAttributes.Builder? origin=null
            $this: CONSTRUCTOR_CALL 'public constructor <init> () declared in android.media.AudioAttributes.Builder' type=android.media.AudioAttributes.Builder origin=null
            p0: CONST Int type=kotlin.Int value=1
          p0: CONST Int type=kotlin.Int value=4
    SET_FIELD 'FIELD PROPERTY_BACKING_FIELD name:soundPool type:android.media.SoundPool? visibility:private' type=kotlin.Unit origin=null
      receiver: GET_VAR '<this>: com.example.briskwalk.MainActivity declared in com.example.briskwalk.MainActivity.onCreate' type=com.example.briskwalk.MainActivity origin=null
      value: CALL 'public open fun build (): @[FlexibleNullability] android.media.SoundPool? declared in android.media.SoundPool.Builder' type=@[FlexibleNullability] android.media.SoundPool? origin=null
        $this: CALL 'public open fun setAudioAttributes (p0: @[FlexibleNullability] android.media.AudioAttributes?): @[FlexibleNullability] android.media.SoundPool.Builder? declared in android.media.SoundPool.Builder' type=@[FlexibleNullability] android.media.SoundPool.Builder? origin=null
          $this: CALL 'public open fun setMaxStreams (p0: kotlin.Int): @[FlexibleNullability] android.media.SoundPool.Builder? declared in android.media.SoundPool.Builder' type=@[FlexibleNullability] android.media.SoundPool.Builder? origin=null
            $this: CONSTRUCTOR_CALL 'public constructor <init> () declared in android.media.SoundPool.Builder' type=android.media.SoundPool.Builder origin=null
            p0: CONST Int type=kotlin.Int value=1
          p0: GET_VAR 'val attrs: @[FlexibleNullability] android.media.AudioAttributes? [val] declared in com.example.briskwalk.MainActivity.onCreate' type=@[FlexibleNullability] android.media.AudioAttributes? origin=null
    SET_FIELD 'FIELD PROPERTY_BACKING_FIELD name:soundPool1 type:android.media.SoundPool? visibility:private' type=kotlin.Unit origin=null
      receiver: GET_VAR '<this>: com.example.briskwalk.MainActivity declared in com.example.briskwalk.MainActivity.onCreate' type=com.example.briskwalk.MainActivity origin=null
      value: CALL 'public open fun build (): @[FlexibleNullability] android.media.SoundPool? declared in android.media.SoundPool.Builder' type=@[FlexibleNullability] android.media.SoundPool? origin=null
        $this: CALL 'public open fun setAudioAttributes (p0: @[FlexibleNullability] android.media.AudioAttributes?): @[FlexibleNullability] android.media.SoundPool.Builder? declared in android.media.SoundPool.Builder' type=@[FlexibleNullability] android.media.SoundPool.Builder? origin=null
          $this: CALL 'public open fun setMaxStreams (p0: kotlin.Int): @[FlexibleNullability] android.media.SoundPool.Builder? declared in android.media.SoundPool.Builder' type=@[FlexibleNullability] android.media.SoundPool.Builder? origin=null
            $this: CONSTRUCTOR_CALL 'public constructor <init> () declared in android.media.SoundPool.Builder' type=android.media.SoundPool.Builder origin=null
            p0: CONST Int type=kotlin.Int value=1
          p0: GET_VAR 'val attrs: @[FlexibleNullability] android.media.AudioAttributes? [val] declared in com.example.briskwalk.MainActivity.onCreate' type=@[FlexibleNullability] android.media.AudioAttributes? origin=null
    SET_FIELD 'FIELD PROPERTY_BACKING_FIELD name:soundPool2 type:android.media.SoundPool? visibility:private' type=kotlin.Unit origin=null
      receiver: GET_VAR '<this>: com.example.briskwalk.MainActivity declared in com.example.briskwalk.MainActivity.onCreate' type=com.example.briskwalk.MainActivity origin=null
      value: CALL 'public open fun build (): @[FlexibleNullability] android.media.SoundPool? declared in android.media.SoundPool.Builder' type=@[FlexibleNullability] android.media.SoundPool? origin=null
        $this: CALL 'public open fun setAudioAttributes (p0: @[FlexibleNullability] android.media.AudioAttributes?): @[FlexibleNullability] android.media.SoundPool.Builder? declared in android.media.SoundPool.Builder' type=@[FlexibleNullability] android.media.SoundPool.Builder? origin=null
          $this: CALL 'public open fun setMaxStreams (p0: kotlin.Int): @[FlexibleNullability] android.media.SoundPool.Builder? declared in android.media.SoundPool.Builder' type=@[FlexibleNullability] android.media.SoundPool.Builder? origin=null
            $this: CONSTRUCTOR_CALL 'public constructor <init> () declared in android.media.SoundPool.Builder' type=android.media.SoundPool.Builder origin=null
            p0: CONST Int type=kotlin.Int value=1
          p0: GET_VAR 'val attrs: @[FlexibleNullability] android.media.AudioAttributes? [val] declared in com.example.briskwalk.MainActivity.onCreate' type=@[FlexibleNullability] android.media.AudioAttributes? origin=null
    SET_FIELD 'FIELD PROPERTY_BACKING_FIELD name:soundPool3 type:android.media.SoundPool? visibility:private' type=kotlin.Unit origin=null
      receiver: GET_VAR '<this>: com.example.briskwalk.MainActivity declared in com.example.briskwalk.MainActivity.onCreate' type=com.example.briskwalk.MainActivity origin=null
      value: CALL 'public open fun build (): @[FlexibleNullability] android.media.SoundPool? declared in android.media.SoundPool.Builder' type=@[FlexibleNullability] android.media.SoundPool? origin=null
        $this: CALL 'public open fun setAudioAttributes (p0: @[FlexibleNullability] android.media.AudioAttributes?): @[FlexibleNullability] android.media.SoundPool.Builder? declared in android.media.SoundPool.Builder' type=@[FlexibleNullability] android.media.SoundPool.Builder? origin=null
          $this: CALL 'public open fun setMaxStreams (p0: kotlin.Int): @[FlexibleNullability] android.media.SoundPool.Builder? declared in android.media.SoundPool.Builder' type=@[FlexibleNullability] android.media.SoundPool.Builder? origin=null
            $this: CONSTRUCTOR_CALL 'public constructor <init> () declared in android.media.SoundPool.Builder' type=android.media.SoundPool.Builder origin=null
            p0: CONST Int type=kotlin.Int value=1
          p0: GET_VAR 'val attrs: @[FlexibleNullability] android.media.AudioAttributes? [val] declared in com.example.briskwalk.MainActivity.onCreate' type=@[FlexibleNullability] android.media.AudioAttributes? origin=null
    SET_FIELD 'FIELD PROPERTY_BACKING_FIELD name:soundId type:kotlin.Int visibility:private' type=kotlin.Unit origin=null
      receiver: GET_VAR '<this>: com.example.briskwalk.MainActivity declared in com.example.briskwalk.MainActivity.onCreate' type=com.example.briskwalk.MainActivity origin=null
      value: CALL 'public open fun load (p0: @[FlexibleNullability] android.content.Context?, p1: kotlin.Int, p2: kotlin.Int): kotlin.Int declared in android.media.SoundPool' type=kotlin.Int origin=null
        $this: CALL 'public final fun CHECK_NOT_NULL <T0> (arg0: T0 of kotlin.internal.ir.CHECK_NOT_NULL?): {T0 of kotlin.internal.ir.CHECK_NOT_NULL & Any} declared in kotlin.internal.ir' type=android.media.SoundPool origin=EXCLEXCL
          <T0>: android.media.SoundPool
          arg0: GET_FIELD 'FIELD PROPERTY_BACKING_FIELD name:soundPool type:android.media.SoundPool? visibility:private' type=android.media.SoundPool? origin=null
            receiver: GET_VAR '<this>: com.example.briskwalk.MainActivity declared in com.example.briskwalk.MainActivity.onCreate' type=com.example.briskwalk.MainActivity origin=null
        p0: GET_VAR '<this>: com.example.briskwalk.MainActivity declared in com.example.briskwalk.MainActivity.onCreate' type=com.example.briskwalk.MainActivity origin=null
        p1: GET_FIELD 'FIELD IR_EXTERNAL_JAVA_DECLARATION_STUB name:choice type:kotlin.Int visibility:public [static] declared in com.example.briskwalk.R.raw' type=kotlin.Int superQualifierSymbol=com.example.briskwalk.R.raw origin=null
        p2: CONST Int type=kotlin.Int value=1
    SET_FIELD 'FIELD PROPERTY_BACKING_FIELD name:soundIdfast type:kotlin.Int visibility:private' type=kotlin.Unit origin=null
      receiver: GET_VAR '<this>: com.example.briskwalk.MainActivity declared in com.example.briskwalk.MainActivity.onCreate' type=com.example.briskwalk.MainActivity origin=null
      value: CALL 'public open fun load (p0: @[FlexibleNullability] android.content.Context?, p1: kotlin.Int, p2: kotlin.Int): kotlin.Int declared in android.media.SoundPool' type=kotlin.Int origin=null
        $this: CALL 'public final fun CHECK_NOT_NULL <T0> (arg0: T0 of kotlin.internal.ir.CHECK_NOT_NULL?): {T0 of kotlin.internal.ir.CHECK_NOT_NULL & Any} declared in kotlin.internal.ir' type=android.media.SoundPool origin=EXCLEXCL
          <T0>: android.media.SoundPool
          arg0: GET_FIELD 'FIELD PROPERTY_BACKING_FIELD name:soundPool1 type:android.media.SoundPool? visibility:private' type=android.media.SoundPool? origin=null
            receiver: GET_VAR '<this>: com.example.briskwalk.MainActivity declared in com.example.briskwalk.MainActivity.onCreate' type=com.example.briskwalk.MainActivity origin=null
        p0: GET_VAR '<this>: com.example.briskwalk.MainActivity declared in com.example.briskwalk.MainActivity.onCreate' type=com.example.briskwalk.MainActivity origin=null
        p1: GET_FIELD 'FIELD IR_EXTERNAL_JAVA_DECLARATION_STUB name:fast0 type:kotlin.Int visibility:public [static] declared in com.example.briskwalk.R.raw' type=kotlin.Int superQualifierSymbol=com.example.briskwalk.R.raw origin=null
        p2: CONST Int type=kotlin.Int value=1
    SET_FIELD 'FIELD PROPERTY_BACKING_FIELD name:soundIdnorm type:kotlin.Int visibility:private' type=kotlin.Unit origin=null
      receiver: GET_VAR '<this>: com.example.briskwalk.MainActivity declared in com.example.briskwalk.MainActivity.onCreate' type=com.example.briskwalk.MainActivity origin=null
      value: CALL 'public open fun load (p0: @[FlexibleNullability] android.content.Context?, p1: kotlin.Int, p2: kotlin.Int): kotlin.Int declared in android.media.SoundPool' type=kotlin.Int origin=null
        $this: CALL 'public final fun CHECK_NOT_NULL <T0> (arg0: T0 of kotlin.internal.ir.CHECK_NOT_NULL?): {T0 of kotlin.internal.ir.CHECK_NOT_NULL & Any} declared in kotlin.internal.ir' type=android.media.SoundPool origin=EXCLEXCL
          <T0>: android.media.SoundPool
          arg0: GET_FIELD 'FIELD PROPERTY_BACKING_FIELD name:soundPool2 type:android.media.SoundPool? visibility:private' type=android.media.SoundPool? origin=null
            receiver: GET_VAR '<this>: com.example.briskwalk.MainActivity declared in com.example.briskwalk.MainActivity.onCreate' type=com.example.briskwalk.MainActivity origin=null
        p0: GET_VAR '<this>: com.example.briskwalk.MainActivity declared in com.example.briskwalk.MainActivity.onCreate' type=com.example.briskwalk.MainActivity origin=null
        p1: GET_FIELD 'FIELD IR_EXTERNAL_JAVA_DECLARATION_STUB name:norm type:kotlin.Int visibility:public [static] declared in com.example.briskwalk.R.raw' type=kotlin.Int superQualifierSymbol=com.example.briskwalk.R.raw origin=null
        p2: CONST Int type=kotlin.Int value=1
    SET_FIELD 'FIELD PROPERTY_BACKING_FIELD name:soundId5sec type:kotlin.Int visibility:private' type=kotlin.Unit origin=null
      receiver: GET_VAR '<this>: com.example.briskwalk.MainActivity declared in com.example.briskwalk.MainActivity.onCreate' type=com.example.briskwalk.MainActivity origin=null
      value: CALL 'public open fun load (p0: @[FlexibleNullability] android.content.Context?, p1: kotlin.Int, p2: kotlin.Int): kotlin.Int declared in android.media.SoundPool' type=kotlin.Int origin=null
        $this: CALL 'public final fun CHECK_NOT_NULL <T0> (arg0: T0 of kotlin.internal.ir.CHECK_NOT_NULL?): {T0 of kotlin.internal.ir.CHECK_NOT_NULL & Any} declared in kotlin.internal.ir' type=android.media.SoundPool origin=EXCLEXCL
          <T0>: android.media.SoundPool
          arg0: GET_FIELD 'FIELD PROPERTY_BACKING_FIELD name:soundPool3 type:android.media.SoundPool? visibility:private' type=android.media.SoundPool? origin=null
            receiver: GET_VAR '<this>: com.example.briskwalk.MainActivity declared in com.example.briskwalk.MainActivity.onCreate' type=com.example.briskwalk.MainActivity origin=null
        p0: GET_VAR '<this>: com.example.briskwalk.MainActivity declared in com.example.briskwalk.MainActivity.onCreate' type=com.example.briskwalk.MainActivity origin=null
        p1: GET_FIELD 'FIELD IR_EXTERNAL_JAVA_DECLARATION_STUB name:start5sec type:kotlin.Int visibility:public [static] declared in com.example.briskwalk.R.raw' type=kotlin.Int superQualifierSymbol=com.example.briskwalk.R.raw origin=null
        p2: CONST Int type=kotlin.Int value=1
    SET_FIELD 'FIELD PROPERTY_BACKING_FIELD name:vibrator type:android.os.Vibrator? visibility:private' type=kotlin.Unit origin=null
      receiver: GET_VAR '<this>: com.example.briskwalk.MainActivity declared in com.example.briskwalk.MainActivity.onCreate' type=com.example.briskwalk.MainActivity origin=null
      value: BLOCK type=android.os.Vibrator origin=null
        VAR IR_TEMPORARY_VARIABLE name:tmp0 type:kotlin.Any? [val]
          CALL 'public open fun getSystemService (p0: @[EnhancedNullability] kotlin.String): @[FlexibleNullability] kotlin.Any? [fake_override] declared in com.example.briskwalk.MainActivity' type=@[FlexibleNullability] kotlin.Any? origin=null
            $this: GET_VAR '<this>: com.example.briskwalk.MainActivity declared in com.example.briskwalk.MainActivity.onCreate' type=com.example.briskwalk.MainActivity origin=null
            p0: CONST String type=kotlin.String value="vibrator"
        CALL 'public final fun checkNotNull (object: kotlin.Any?, message: kotlin.String): kotlin.Unit declared in kotlin.jvm.internal.Intrinsics' type=kotlin.Unit origin=null
          object: GET_VAR 'val tmp0: kotlin.Any? [val] declared in com.example.briskwalk.MainActivity.onCreate' type=kotlin.Any? origin=null
          message: CONST String type=kotlin.String value="null cannot be cast to non-null type android.os.Vibrator"
        TYPE_OP type=android.os.Vibrator? origin=CAST typeOperand=android.os.Vibrator?
          GET_VAR 'val tmp0: kotlin.Any? [val] declared in com.example.briskwalk.MainActivity.onCreate' type=kotlin.Any? origin=null
    SET_FIELD 'FIELD PROPERTY_BACKING_FIELD name:handler type:android.os.Handler? visibility:private' type=kotlin.Unit origin=null
      receiver: GET_VAR '<this>: com.example.briskwalk.MainActivity declared in com.example.briskwalk.MainActivity.onCreate' type=com.example.briskwalk.MainActivity origin=null
      value: CONSTRUCTOR_CALL 'public constructor <init> (p0: @[EnhancedNullability] android.os.Looper) declared in android.os.Handler' type=android.os.Handler origin=null
        p0: CALL 'public open fun getMainLooper (): @[FlexibleNullability] android.os.Looper? declared in android.os.Looper' type=@[FlexibleNullability] android.os.Looper? origin=null
    CALL 'public final fun setText (p0: @[FlexibleNullability] kotlin.CharSequence?): kotlin.Unit [fake_override] declared in android.widget.Button' type=kotlin.Unit origin=EQ
      $this: BLOCK type=android.widget.Button origin=FOLDED_ELVIS
        WHEN type=android.widget.Button origin=FOLDED_ELVIS
          BRANCH
            if: COMPOSITE type=kotlin.Boolean origin=null
              VAR IR_TEMPORARY_VARIABLE name:tmp0 type:android.widget.Button? [val]
                GET_FIELD 'FIELD PROPERTY_BACKING_FIELD name:btnStart type:android.widget.Button? visibility:private' type=android.widget.Button? origin=null
                  receiver: GET_VAR '<this>: com.example.briskwalk.MainActivity declared in com.example.briskwalk.MainActivity.onCreate' type=com.example.briskwalk.MainActivity origin=null
              CALL 'public final fun not (): kotlin.Boolean [operator] declared in kotlin.Boolean' type=kotlin.Boolean origin=null
                $this: CALL 'public final fun EQEQ (arg0: kotlin.Any?, arg1: kotlin.Any?): kotlin.Boolean declared in kotlin.internal.ir' type=kotlin.Boolean origin=null
                  arg0: GET_VAR 'val tmp0: android.widget.Button? [val] declared in com.example.briskwalk.MainActivity.onCreate' type=android.widget.Button? origin=null
                  arg1: CONST Null type=kotlin.Nothing? value=null
            then: GET_VAR 'val tmp0: android.widget.Button? [val] declared in com.example.briskwalk.MainActivity.onCreate' type=android.widget.Button? origin=null
          BRANCH
            if: CONST Boolean type=kotlin.Boolean value=true
            then: BLOCK type=kotlin.Unit origin=null
              CALL 'public final fun throwUninitializedPropertyAccessException (propertyName: kotlin.String): kotlin.Unit declared in kotlin.jvm.internal.Intrinsics' type=kotlin.Unit origin=null
                propertyName: CONST String type=kotlin.String value="btnStart"
      p0: CONST String type=kotlin.String value="早歩きスタート"
    CALL 'public open fun setOnClickListener (p0: @[EnhancedNullability] android.view.View.OnClickListener?): kotlin.Unit [fake_override] declared in android.widget.Button' type=kotlin.Unit origin=null
      $this: BLOCK type=android.widget.Button origin=FOLDED_ELVIS
        WHEN type=android.widget.Button origin=FOLDED_ELVIS
          BRANCH
            if: COMPOSITE type=kotlin.Boolean origin=null
              VAR IR_TEMPORARY_VARIABLE name:tmp0 type:android.widget.Button? [val]
                GET_FIELD 'FIELD PROPERTY_BACKING_FIELD name:btnStart type:android.widget.Button? visibility:private' type=android.widget.Button? origin=null
                  receiver: GET_VAR '<this>: com.example.briskwalk.MainActivity declared in com.example.briskwalk.MainActivity.onCreate' type=com.example.briskwalk.MainActivity origin=null
              CALL 'public final fun not (): kotlin.Boolean [operator] declared in kotlin.Boolean' type=kotlin.Boolean origin=null
                $this: CALL 'public final fun EQEQ (arg0: kotlin.Any?, arg1: kotlin.Any?): kotlin.Boolean declared in kotlin.internal.ir' type=kotlin.Boolean origin=null
                  arg0: GET_VAR 'val tmp0: android.widget.Button? [val] declared in com.example.briskwalk.MainActivity.onCreate' type=android.widget.Button? origin=null
                  arg1: CONST Null type=kotlin.Nothing? value=null
            then: GET_VAR 'val tmp0: android.widget.Button? [val] declared in com.example.briskwalk.MainActivity.onCreate' type=android.widget.Button? origin=null
          BRANCH
            if: CONST Boolean type=kotlin.Boolean value=true
            then: BLOCK type=kotlin.Unit origin=null
              CALL 'public final fun throwUninitializedPropertyAccessException (propertyName: kotlin.String): kotlin.Unit declared in kotlin.jvm.internal.Intrinsics' type=kotlin.Unit origin=null
                propertyName: CONST String type=kotlin.String value="btnStart"
      p0: BLOCK type=android.view.View.OnClickListener origin=LAMBDA
        COMPOSITE type=kotlin.Unit origin=null
        CALL 'public final fun <jvm-indy> <T> (dynamicCall: T of kotlin.jvm.internal.<jvm-indy>, bootstrapMethodHandle: kotlin.Any, vararg bootstrapMethodArguments: kotlin.Any): T of kotlin.jvm.internal.<jvm-indy> declared in kotlin.jvm.internal' type=android.view.View.OnClickListener origin=null
          <T>: android.view.View.OnClickListener
          dynamicCall: CALL 'public final fun onClick (p0: com.example.briskwalk.MainActivity): android.view.View.OnClickListener declared in kotlin.jvm.internal.invokeDynamic' type=android.view.View.OnClickListener origin=null
            p0: GET_VAR '<this>: com.example.briskwalk.MainActivity declared in com.example.briskwalk.MainActivity.onCreate' type=com.example.briskwalk.MainActivity origin=null
          bootstrapMethodHandle: CALL 'public final fun <jvm-method-handle> (tag: kotlin.Int, owner: kotlin.String, name: kotlin.String, descriptor: kotlin.String, isInterface: kotlin.Boolean): kotlin.Any declared in kotlin.jvm.internal' type=kotlin.Any origin=null
            tag: CONST Int type=kotlin.Int value=6
            owner: CONST String type=kotlin.String value="java/lang/invoke/LambdaMetafactory"
            name: CONST String type=kotlin.String value="metafactory"
            descriptor: CONST String type=kotlin.String value="(Ljava/lang/invoke/MethodHandles$Lookup;Ljava/lang/String;Ljava/lang/invoke/MethodType;Ljava/lang/invoke/MethodType;Ljava/lang/invoke/MethodHandle;Ljava/lang/invoke/MethodType;)Ljava/lang/invoke/CallSite;"
            isInterface: CONST Boolean type=kotlin.Boolean value=false
          bootstrapMethodArguments: VARARG type=kotlin.Array<kotlin.Any> varargElementType=kotlin.Any
            CALL 'public final fun <jvm-original-method-type> (method: kotlin.Any): kotlin.Any declared in kotlin.jvm.internal' type=kotlin.Any origin=null
              method: RAW_FUNCTION_REFERENCE 'public abstract fun onClick (p0: @[FlexibleNullability] android.view.View?): kotlin.Unit declared in android.view.View.OnClickListener' type=kotlin.Any
            RAW_FUNCTION_REFERENCE 'private final fun onCreate$lambda$0 (this$0: com.example.briskwalk.MainActivity, it: @[FlexibleNullability] android.view.View?): kotlin.Unit declared in com.example.briskwalk.MainActivity' type=kotlin.Any
            CALL 'public final fun <jvm-original-method-type> (method: kotlin.Any): kotlin.Any declared in kotlin.jvm.internal' type=kotlin.Any origin=null
              method: RAW_FUNCTION_REFERENCE 'public abstract fun onClick (p0: @[FlexibleNullability] android.view.View?): kotlin.Unit [fake_override] declared in kotlin.jvm.internal.invokeDynamic.<fake>' type=kotlin.Any
    CALL 'public open fun setOnClickListener (p0: @[EnhancedNullability] android.view.View.OnClickListener?): kotlin.Unit [fake_override] declared in android.widget.Button' type=kotlin.Unit origin=null
      $this: BLOCK type=android.widget.Button origin=FOLDED_ELVIS
        WHEN type=android.widget.Button origin=FOLDED_ELVIS
          BRANCH
            if: COMPOSITE type=kotlin.Boolean origin=null
              VAR IR_TEMPORARY_VARIABLE name:tmp0 type:android.widget.Button? [val]
                GET_FIELD 'FIELD PROPERTY_BACKING_FIELD name:btnStop type:android.widget.Button? visibility:private' type=android.widget.Button? origin=null
                  receiver: GET_VAR '<this>: com.example.briskwalk.MainActivity declared in com.example.briskwalk.MainActivity.onCreate' type=com.example.briskwalk.MainActivity origin=null
              CALL 'public final fun not (): kotlin.Boolean [operator] declared in kotlin.Boolean' type=kotlin.Boolean origin=null
                $this: CALL 'public final fun EQEQ (arg0: kotlin.Any?, arg1: kotlin.Any?): kotlin.Boolean declared in kotlin.internal.ir' type=kotlin.Boolean origin=null
                  arg0: GET_VAR 'val tmp0: android.widget.Button? [val] declared in com.example.briskwalk.MainActivity.onCreate' type=android.widget.Button? origin=null
                  arg1: CONST Null type=kotlin.Nothing? value=null
            then: GET_VAR 'val tmp0: android.widget.Button? [val] declared in com.example.briskwalk.MainActivity.onCreate' type=android.widget.Button? origin=null
          BRANCH
            if: CONST Boolean type=kotlin.Boolean value=true
            then: BLOCK type=kotlin.Unit origin=null
              CALL 'public final fun throwUninitializedPropertyAccessException (propertyName: kotlin.String): kotlin.Unit declared in kotlin.jvm.internal.Intrinsics' type=kotlin.Unit origin=null
                propertyName: CONST String type=kotlin.String value="btnStop"
      p0: BLOCK type=android.view.View.OnClickListener origin=LAMBDA
        COMPOSITE type=kotlin.Unit origin=null
        CALL 'public final fun <jvm-indy> <T> (dynamicCall: T of kotlin.jvm.internal.<jvm-indy>, bootstrapMethodHandle: kotlin.Any, vararg bootstrapMethodArguments: kotlin.Any): T of kotlin.jvm.internal.<jvm-indy> declared in kotlin.jvm.internal' type=android.view.View.OnClickListener origin=null
          <T>: android.view.View.OnClickListener
          dynamicCall: CALL 'public final fun onClick (p0: com.example.briskwalk.MainActivity): android.view.View.OnClickListener declared in kotlin.jvm.internal.invokeDynamic' type=android.view.View.OnClickListener origin=null
            p0: GET_VAR '<this>: com.example.briskwalk.MainActivity declared in com.example.briskwalk.MainActivity.onCreate' type=com.example.briskwalk.MainActivity origin=null
          bootstrapMethodHandle: CALL 'public final fun <jvm-method-handle> (tag: kotlin.Int, owner: kotlin.String, name: kotlin.String, descriptor: kotlin.String, isInterface: kotlin.Boolean): kotlin.Any declared in kotlin.jvm.internal' type=kotlin.Any origin=null
            tag: CONST Int type=kotlin.Int value=6
            owner: CONST String type=kotlin.String value="java/lang/invoke/LambdaMetafactory"
            name: CONST String type=kotlin.String value="metafactory"
            descriptor: CONST String type=kotlin.String value="(Ljava/lang/invoke/MethodHandles$Lookup;Ljava/lang/String;Ljava/lang/invoke/MethodType;Ljava/lang/invoke/MethodType;Ljava/lang/invoke/MethodHandle;Ljava/lang/invoke/MethodType;)Ljava/lang/invoke/CallSite;"
            isInterface: CONST Boolean type=kotlin.Boolean value=false
          bootstrapMethodArguments: VARARG type=kotlin.Array<kotlin.Any> varargElementType=kotlin.Any
            CALL 'public final fun <jvm-original-method-type> (method: kotlin.Any): kotlin.Any declared in kotlin.jvm.internal' type=kotlin.Any origin=null
              method: RAW_FUNCTION_REFERENCE 'public abstract fun onClick (p0: @[FlexibleNullability] android.view.View?): kotlin.Unit declared in android.view.View.OnClickListener' type=kotlin.Any
            RAW_FUNCTION_REFERENCE 'private final fun onCreate$lambda$1 (this$0: com.example.briskwalk.MainActivity, it: @[FlexibleNullability] android.view.View?): kotlin.Unit declared in com.example.briskwalk.MainActivity' type=kotlin.Any
            CALL 'public final fun <jvm-original-method-type> (method: kotlin.Any): kotlin.Any declared in kotlin.jvm.internal' type=kotlin.Any origin=null
              method: RAW_FUNCTION_REFERENCE 'public abstract fun onClick (p0: @[FlexibleNullability] android.view.View?): kotlin.Unit [fake_override] declared in kotlin.jvm.internal.invokeDynamic.<fake>' type=kotlin.Any
    CALL 'public open fun setOnClickListener (p0: @[EnhancedNullability] android.view.View.OnClickListener?): kotlin.Unit [fake_override] declared in android.widget.Button' type=kotlin.Unit origin=null
      $this: BLOCK type=android.widget.Button origin=FOLDED_ELVIS
        WHEN type=android.widget.Button origin=FOLDED_ELVIS
          BRANCH
            if: COMPOSITE type=kotlin.Boolean origin=null
              VAR IR_TEMPORARY_VARIABLE name:tmp0 type:android.widget.Button? [val]
                GET_FIELD 'FIELD PROPERTY_BACKING_FIELD name:btnReStart type:android.widget.Button? visibility:private' type=android.widget.Button? origin=null
                  receiver: GET_VAR '<this>: com.example.briskwalk.MainActivity declared in com.example.briskwalk.MainActivity.onCreate' type=com.example.briskwalk.MainActivity origin=null
              CALL 'public final fun not (): kotlin.Boolean [operator] declared in kotlin.Boolean' type=kotlin.Boolean origin=null
                $this: CALL 'public final fun EQEQ (arg0: kotlin.Any?, arg1: kotlin.Any?): kotlin.Boolean declared in kotlin.internal.ir' type=kotlin.Boolean origin=null
                  arg0: GET_VAR 'val tmp0: android.widget.Button? [val] declared in com.example.briskwalk.MainActivity.onCreate' type=android.widget.Button? origin=null
                  arg1: CONST Null type=kotlin.Nothing? value=null
            then: GET_VAR 'val tmp0: android.widget.Button? [val] declared in com.example.briskwalk.MainActivity.onCreate' type=android.widget.Button? origin=null
          BRANCH
            if: CONST Boolean type=kotlin.Boolean value=true
            then: BLOCK type=kotlin.Unit origin=null
              CALL 'public final fun throwUninitializedPropertyAccessException (propertyName: kotlin.String): kotlin.Unit declared in kotlin.jvm.internal.Intrinsics' type=kotlin.Unit origin=null
                propertyName: CONST String type=kotlin.String value="btnReStart"
      p0: BLOCK type=android.view.View.OnClickListener origin=LAMBDA
        COMPOSITE type=kotlin.Unit origin=null
        CALL 'public final fun <jvm-indy> <T> (dynamicCall: T of kotlin.jvm.internal.<jvm-indy>, bootstrapMethodHandle: kotlin.Any, vararg bootstrapMethodArguments: kotlin.Any): T of kotlin.jvm.internal.<jvm-indy> declared in kotlin.jvm.internal' type=android.view.View.OnClickListener origin=null
          <T>: android.view.View.OnClickListener
          dynamicCall: CALL 'public final fun onClick (p0: com.example.briskwalk.MainActivity): android.view.View.OnClickListener declared in kotlin.jvm.internal.invokeDynamic' type=android.view.View.OnClickListener origin=null
            p0: GET_VAR '<this>: com.example.briskwalk.MainActivity declared in com.example.briskwalk.MainActivity.onCreate' type=com.example.briskwalk.MainActivity origin=null
          bootstrapMethodHandle: CALL 'public final fun <jvm-method-handle> (tag: kotlin.Int, owner: kotlin.String, name: kotlin.String, descriptor: kotlin.String, isInterface: kotlin.Boolean): kotlin.Any declared in kotlin.jvm.internal' type=kotlin.Any origin=null
            tag: CONST Int type=kotlin.Int value=6
            owner: CONST String type=kotlin.String value="java/lang/invoke/LambdaMetafactory"
            name: CONST String type=kotlin.String value="metafactory"
            descriptor: CONST String type=kotlin.String value="(Ljava/lang/invoke/MethodHandles$Lookup;Ljava/lang/String;Ljava/lang/invoke/MethodType;Ljava/lang/invoke/MethodType;Ljava/lang/invoke/MethodHandle;Ljava/lang/invoke/MethodType;)Ljava/lang/invoke/CallSite;"
            isInterface: CONST Boolean type=kotlin.Boolean value=false
          bootstrapMethodArguments: VARARG type=kotlin.Array<kotlin.Any> varargElementType=kotlin.Any
            CALL 'public final fun <jvm-original-method-type> (method: kotlin.Any): kotlin.Any declared in kotlin.jvm.internal' type=kotlin.Any origin=null
              method: RAW_FUNCTION_REFERENCE 'public abstract fun onClick (p0: @[FlexibleNullability] android.view.View?): kotlin.Unit declared in android.view.View.OnClickListener' type=kotlin.Any
            RAW_FUNCTION_REFERENCE 'private final fun onCreate$lambda$2 (this$0: com.example.briskwalk.MainActivity, it: @[FlexibleNullability] android.view.View?): kotlin.Unit declared in com.example.briskwalk.MainActivity' type=kotlin.Any
            CALL 'public final fun <jvm-original-method-type> (method: kotlin.Any): kotlin.Any declared in kotlin.jvm.internal' type=kotlin.Any origin=null
              method: RAW_FUNCTION_REFERENCE 'public abstract fun onClick (p0: @[FlexibleNullability] android.view.View?): kotlin.Unit [fake_override] declared in kotlin.jvm.internal.invokeDynamic.<fake>' type=kotlin.Any
    CALL 'public open fun setOnClickListener (p0: @[EnhancedNullability] android.view.View.OnClickListener?): kotlin.Unit [fake_override] declared in android.widget.Button' type=kotlin.Unit origin=null
      $this: BLOCK type=android.widget.Button origin=FOLDED_ELVIS
        WHEN type=android.widget.Button origin=FOLDED_ELVIS
          BRANCH
            if: COMPOSITE type=kotlin.Boolean origin=null
              VAR IR_TEMPORARY_VARIABLE name:tmp0 type:android.widget.Button? [val]
                GET_FIELD 'FIELD PROPERTY_BACKING_FIELD name:btnReset type:android.widget.Button? visibility:private' type=android.widget.Button? origin=null
                  receiver: GET_VAR '<this>: com.example.briskwalk.MainActivity declared in com.example.briskwalk.MainActivity.onCreate' type=com.example.briskwalk.MainActivity origin=null
              CALL 'public final fun not (): kotlin.Boolean [operator] declared in kotlin.Boolean' type=kotlin.Boolean origin=null
                $this: CALL 'public final fun EQEQ (arg0: kotlin.Any?, arg1: kotlin.Any?): kotlin.Boolean declared in kotlin.internal.ir' type=kotlin.Boolean origin=null
                  arg0: GET_VAR 'val tmp0: android.widget.Button? [val] declared in com.example.briskwalk.MainActivity.onCreate' type=android.widget.Button? origin=null
                  arg1: CONST Null type=kotlin.Nothing? value=null
            then: GET_VAR 'val tmp0: android.widget.Button? [val] declared in com.example.briskwalk.MainActivity.onCreate' type=android.widget.Button? origin=null
          BRANCH
            if: CONST Boolean type=kotlin.Boolean value=true
            then: BLOCK type=kotlin.Unit origin=null
              CALL 'public final fun throwUninitializedPropertyAccessException (propertyName: kotlin.String): kotlin.Unit declared in kotlin.jvm.internal.Intrinsics' type=kotlin.Unit origin=null
                propertyName: CONST String type=kotlin.String value="btnReset"
      p0: BLOCK type=android.view.View.OnClickListener origin=LAMBDA
        COMPOSITE type=kotlin.Unit origin=null
        CALL 'public final fun <jvm-indy> <T> (dynamicCall: T of kotlin.jvm.internal.<jvm-indy>, bootstrapMethodHandle: kotlin.Any, vararg bootstrapMethodArguments: kotlin.Any): T of kotlin.jvm.internal.<jvm-indy> declared in kotlin.jvm.internal' type=android.view.View.OnClickListener origin=null
          <T>: android.view.View.OnClickListener
          dynamicCall: CALL 'public final fun onClick (p0: com.example.briskwalk.MainActivity): android.view.View.OnClickListener declared in kotlin.jvm.internal.invokeDynamic' type=android.view.View.OnClickListener origin=null
            p0: GET_VAR '<this>: com.example.briskwalk.MainActivity declared in com.example.briskwalk.MainActivity.onCreate' type=com.example.briskwalk.MainActivity origin=null
          bootstrapMethodHandle: CALL 'public final fun <jvm-method-handle> (tag: kotlin.Int, owner: kotlin.String, name: kotlin.String, descriptor: kotlin.String, isInterface: kotlin.Boolean): kotlin.Any declared in kotlin.jvm.internal' type=kotlin.Any origin=null
            tag: CONST Int type=kotlin.Int value=6
            owner: CONST String type=kotlin.String value="java/lang/invoke/LambdaMetafactory"
            name: CONST String type=kotlin.String value="metafactory"
            descriptor: CONST String type=kotlin.String value="(Ljava/lang/invoke/MethodHandles$Lookup;Ljava/lang/String;Ljava/lang/invoke/MethodType;Ljava/lang/invoke/MethodType;Ljava/lang/invoke/MethodHandle;Ljava/lang/invoke/MethodType;)Ljava/lang/invoke/CallSite;"
            isInterface: CONST Boolean type=kotlin.Boolean value=false
          bootstrapMethodArguments: VARARG type=kotlin.Array<kotlin.Any> varargElementType=kotlin.Any
            CALL 'public final fun <jvm-original-method-type> (method: kotlin.Any): kotlin.Any declared in kotlin.jvm.internal' type=kotlin.Any origin=null
              method: RAW_FUNCTION_REFERENCE 'public abstract fun onClick (p0: @[FlexibleNullability] android.view.View?): kotlin.Unit declared in android.view.View.OnClickListener' type=kotlin.Any
            RAW_FUNCTION_REFERENCE 'private final fun onCreate$lambda$3 (this$0: com.example.briskwalk.MainActivity, it: @[FlexibleNullability] android.view.View?): kotlin.Unit declared in com.example.briskwalk.MainActivity' type=kotlin.Any
            CALL 'public final fun <jvm-original-method-type> (method: kotlin.Any): kotlin.Any declared in kotlin.jvm.internal' type=kotlin.Any origin=null
              method: RAW_FUNCTION_REFERENCE 'public abstract fun onClick (p0: @[FlexibleNullability] android.view.View?): kotlin.Unit [fake_override] declared in kotlin.jvm.internal.invokeDynamic.<fake>' type=kotlin.Any
    CALL 'public open fun setOnClickListener (p0: @[EnhancedNullability] android.view.View.OnClickListener?): kotlin.Unit [fake_override] declared in android.widget.Button' type=kotlin.Unit origin=null
      $this: BLOCK type=android.widget.Button origin=FOLDED_ELVIS
        WHEN type=android.widget.Button origin=FOLDED_ELVIS
          BRANCH
            if: COMPOSITE type=kotlin.Boolean origin=null
              VAR IR_TEMPORARY_VARIABLE name:tmp0 type:android.widget.Button? [val]
                GET_FIELD 'FIELD PROPERTY_BACKING_FIELD name:btnDerete type:android.widget.Button? visibility:private' type=android.widget.Button? origin=null
                  receiver: GET_VAR '<this>: com.example.briskwalk.MainActivity declared in com.example.briskwalk.MainActivity.onCreate' type=com.example.briskwalk.MainActivity origin=null
              CALL 'public final fun not (): kotlin.Boolean [operator] declared in kotlin.Boolean' type=kotlin.Boolean origin=null
                $this: CALL 'public final fun EQEQ (arg0: kotlin.Any?, arg1: kotlin.Any?): kotlin.Boolean declared in kotlin.internal.ir' type=kotlin.Boolean origin=null
                  arg0: GET_VAR 'val tmp0: android.widget.Button? [val] declared in com.example.briskwalk.MainActivity.onCreate' type=android.widget.Button? origin=null
                  arg1: CONST Null type=kotlin.Nothing? value=null
            then: GET_VAR 'val tmp0: android.widget.Button? [val] declared in com.example.briskwalk.MainActivity.onCreate' type=android.widget.Button? origin=null
          BRANCH
            if: CONST Boolean type=kotlin.Boolean value=true
            then: BLOCK type=kotlin.Unit origin=null
              CALL 'public final fun throwUninitializedPropertyAccessException (propertyName: kotlin.String): kotlin.Unit declared in kotlin.jvm.internal.Intrinsics' type=kotlin.Unit origin=null
                propertyName: CONST String type=kotlin.String value="btnDerete"
      p0: BLOCK type=android.view.View.OnClickListener origin=LAMBDA
        COMPOSITE type=kotlin.Unit origin=null
        CALL 'public final fun <jvm-indy> <T> (dynamicCall: T of kotlin.jvm.internal.<jvm-indy>, bootstrapMethodHandle: kotlin.Any, vararg bootstrapMethodArguments: kotlin.Any): T of kotlin.jvm.internal.<jvm-indy> declared in kotlin.jvm.internal' type=android.view.View.OnClickListener origin=null
          <T>: android.view.View.OnClickListener
          dynamicCall: CALL 'public final fun onClick (p0: com.example.briskwalk.MainActivity): android.view.View.OnClickListener declared in kotlin.jvm.internal.invokeDynamic' type=android.view.View.OnClickListener origin=null
            p0: GET_VAR '<this>: com.example.briskwalk.MainActivity declared in com.example.briskwalk.MainActivity.onCreate' type=com.example.briskwalk.MainActivity origin=null
          bootstrapMethodHandle: CALL 'public final fun <jvm-method-handle> (tag: kotlin.Int, owner: kotlin.String, name: kotlin.String, descriptor: kotlin.String, isInterface: kotlin.Boolean): kotlin.Any declared in kotlin.jvm.internal' type=kotlin.Any origin=null
            tag: CONST Int type=kotlin.Int value=6
            owner: CONST String type=kotlin.String value="java/lang/invoke/LambdaMetafactory"
            name: CONST String type=kotlin.String value="metafactory"
            descriptor: CONST String type=kotlin.String value="(Ljava/lang/invoke/MethodHandles$Lookup;Ljava/lang/String;Ljava/lang/invoke/MethodType;Ljava/lang/invoke/MethodType;Ljava/lang/invoke/MethodHandle;Ljava/lang/invoke/MethodType;)Ljava/lang/invoke/CallSite;"
            isInterface: CONST Boolean type=kotlin.Boolean value=false
          bootstrapMethodArguments: VARARG type=kotlin.Array<kotlin.Any> varargElementType=kotlin.Any
            CALL 'public final fun <jvm-original-method-type> (method: kotlin.Any): kotlin.Any declared in kotlin.jvm.internal' type=kotlin.Any origin=null
              method: RAW_FUNCTION_REFERENCE 'public abstract fun onClick (p0: @[FlexibleNullability] android.view.View?): kotlin.Unit declared in android.view.View.OnClickListener' type=kotlin.Any
            RAW_FUNCTION_REFERENCE 'private final fun onCreate$lambda$4 (this$0: com.example.briskwalk.MainActivity, it: @[FlexibleNullability] android.view.View?): kotlin.Unit declared in com.example.briskwalk.MainActivity' type=kotlin.Any
            CALL 'public final fun <jvm-original-method-type> (method: kotlin.Any): kotlin.Any declared in kotlin.jvm.internal' type=kotlin.Any origin=null
              method: RAW_FUNCTION_REFERENCE 'public abstract fun onClick (p0: @[FlexibleNullability] android.view.View?): kotlin.Unit [fake_override] declared in kotlin.jvm.internal.invokeDynamic.<fake>' type=kotlin.Any

	at org.jetbrains.kotlin.backend.jvm.codegen.FunctionCodegen.generate(FunctionCodegen.kt:47)
	at org.jetbrains.kotlin.backend.jvm.codegen.FunctionCodegen.generate$default(FunctionCodegen.kt:40)
	at org.jetbrains.kotlin.backend.jvm.codegen.ClassCodegen.generateMethodNode(ClassCodegen.kt:406)
	at org.jetbrains.kotlin.backend.jvm.codegen.ClassCodegen.generateMethod(ClassCodegen.kt:423)
	at org.jetbrains.kotlin.backend.jvm.codegen.ClassCodegen.generate(ClassCodegen.kt:168)
	at org.jetbrains.kotlin.backend.jvm.FileCodegen.lower(JvmPhases.kt:39)
	at org.jetbrains.kotlin.backend.common.phaser.PhaseFactoriesKt.createFilePhase$lambda$4(PhaseFactories.kt:71)
	at org.jetbrains.kotlin.backend.common.phaser.PhaseBuildersKt$createSimpleNamedCompilerPhase$1.phaseBody(PhaseBuilders.kt:69)
	at org.jetbrains.kotlin.backend.common.phaser.SimpleNamedCompilerPhase.phaseBody(CompilerPhase.kt:226)
	at org.jetbrains.kotlin.backend.common.phaser.AbstractNamedCompilerPhase.invoke(CompilerPhase.kt:113)
	at org.jetbrains.kotlin.backend.common.phaser.PerformByIrFilePhase.invokeSequential(performByIrFile.kt:62)
	... 44 more
Caused by: java.lang.AssertionError: access of const val: SET_FIELD 'FIELD IR_EXTERNAL_JAVA_DECLARATION_STUB name:label type:kotlin.Int visibility:public [final,static] declared in android.R.attr' type=kotlin.Unit superQualifierSymbol=android.R.attr origin=EQ
  value: CALL 'public open fun findViewById <T> (p0: kotlin.Int): @[FlexibleNullability] T of com.example.briskwalk.MainActivity.findViewById? [fake_override] declared in com.example.briskwalk.MainActivity' type=kotlin.Any? origin=null
    <T>: kotlin.Any?
    $this: GET_VAR '<this>: com.example.briskwalk.MainActivity declared in com.example.briskwalk.MainActivity.onCreate' type=com.example.briskwalk.MainActivity origin=null
    p0: GET_FIELD 'FIELD IR_EXTERNAL_JAVA_DECLARATION_STUB name:label type:kotlin.Int visibility:public [static] declared in com.example.briskwalk.R.id' type=kotlin.Int superQualifierSymbol=com.example.briskwalk.R.id origin=null

	at org.jetbrains.kotlin.backend.jvm.codegen.ExpressionCodegen.visitFieldAccess(ExpressionCodegen.kt:861)
	at org.jetbrains.kotlin.backend.jvm.codegen.ExpressionCodegen.visitFieldAccess(ExpressionCodegen.kt:138)
	at org.jetbrains.kotlin.ir.visitors.IrElementVisitor$DefaultImpls.visitSetField(IrElementVisitor.kt:206)
	at org.jetbrains.kotlin.backend.jvm.codegen.ExpressionCodegen.visitSetField(ExpressionCodegen.kt:908)
	at org.jetbrains.kotlin.backend.jvm.codegen.ExpressionCodegen.visitSetField(ExpressionCodegen.kt:138)
	at org.jetbrains.kotlin.ir.expressions.IrSetField.accept(IrSetField.kt:21)
	at org.jetbrains.kotlin.backend.jvm.codegen.ExpressionCodegen.visitStatementContainer(ExpressionCodegen.kt:579)
	at org.jetbrains.kotlin.backend.jvm.codegen.ExpressionCodegen.visitBlockBody(ExpressionCodegen.kt:584)
	at org.jetbrains.kotlin.backend.jvm.codegen.ExpressionCodegen.visitBlockBody(ExpressionCodegen.kt:138)
	at org.jetbrains.kotlin.ir.expressions.IrBlockBody.accept(IrBlockBody.kt:20)
	at org.jetbrains.kotlin.backend.jvm.codegen.ExpressionCodegen.generate(ExpressionCodegen.kt:240)
	at org.jetbrains.kotlin.backend.jvm.codegen.FunctionCodegen.doGenerate(FunctionCodegen.kt:123)
	at org.jetbrains.kotlin.backend.jvm.codegen.FunctionCodegen.generate(FunctionCodegen.kt:44)
	... 54 more


